0 info it worked if it ends with ok
1 verbose cli [ '/usr/local/bin/node', '/usr/local/bin/npm', 'run', 'gulp' ]
2 info using npm@3.8.9
3 info using node@v6.2.0
4 verbose run-script [ 'pregulp', 'gulp', 'postgulp' ]
5 info lifecycle udemy-nodejs-angular2@1.0.0~pregulp: udemy-nodejs-angular2@1.0.0
6 silly lifecycle udemy-nodejs-angular2@1.0.0~pregulp: no script for pregulp, continuing
7 info lifecycle udemy-nodejs-angular2@1.0.0~gulp: udemy-nodejs-angular2@1.0.0
8 verbose lifecycle udemy-nodejs-angular2@1.0.0~gulp: unsafe-perm in lifecycle true
9 verbose lifecycle udemy-nodejs-angular2@1.0.0~gulp: PATH: /usr/local/lib/node_modules/npm/bin/node-gyp-bin:/Users/fabianherrera/Documents/Raincheck/node_modules/.bin:/usr/local/bin:/usr/local/bin:/usr/bin:/bin:/usr/sbin:/sbin:/opt/X11/bin:/Library/TeX/texbin
10 verbose lifecycle udemy-nodejs-angular2@1.0.0~gulp: CWD: /Users/fabianherrera/Documents/Raincheck
11 silly lifecycle udemy-nodejs-angular2@1.0.0~gulp: Args: [ '-c', 'gulp clean && gulp' ]
12 silly lifecycle udemy-nodejs-angular2@1.0.0~gulp: Returned: code: 1  signal: null
13 info lifecycle udemy-nodejs-angular2@1.0.0~gulp: Failed to exec gulp script
14 verbose stack Error: udemy-nodejs-angular2@1.0.0 gulp: `gulp clean && gulp`
14 verbose stack Exit status 1
14 verbose stack     at EventEmitter.<anonymous> (/usr/local/lib/node_modules/npm/lib/utils/lifecycle.js:245:16)
14 verbose stack     at emitTwo (events.js:106:13)
14 verbose stack     at EventEmitter.emit (events.js:191:7)
14 verbose stack     at ChildProcess.<anonymous> (/usr/local/lib/node_modules/npm/lib/utils/spawn.js:24:14)
14 verbose stack     at emitTwo (events.js:106:13)
14 verbose stack     at ChildProcess.emit (events.js:191:7)
14 verbose stack     at maybeClose (internal/child_process.js:850:16)
14 verbose stack     at Process.ChildProcess._handle.onexit (internal/child_process.js:215:5)
15 verbose pkgid udemy-nodejs-angular2@1.0.0
16 verbose cwd /Users/fabianherrera/Documents/Raincheck
17 error Darwin 16.1.0
18 error argv "/usr/local/bin/node" "/usr/local/bin/npm" "run" "gulp"
19 error node v6.2.0
20 error npm  v3.8.9
21 error code ELIFECYCLE
22 error udemy-nodejs-angular2@1.0.0 gulp: `gulp clean && gulp`
22 error Exit status 1
23 error Failed at the udemy-nodejs-angular2@1.0.0 gulp script 'gulp clean && gulp'.
23 error Make sure you have the latest version of node.js and npm installed.
23 error If you do, this is most likely a problem with the udemy-nodejs-angular2 package,
23 error not with npm itself.
23 error Tell the author that this fails on your system:
23 error     gulp clean && gulp
23 error You can get information on how to open an issue for this project with:
23 error     npm bugs udemy-nodejs-angular2
23 error Or if that isn't available, you can get their info via:
23 error     npm owner ls udemy-nodejs-angular2
23 error There is likely additional logging output above.
24 verbose exit [ 1, true ]
